[2025-10-11T18:38:05.544Z] [0.0s] [INFO] 
[2025-10-11T18:38:05.545Z] [0.0s] [INFO] ======================================================================
[2025-10-11T18:38:05.545Z] [0.0s] [INFO] PRODUCTION SYSTEM TEST - FIXED
[2025-10-11T18:38:05.545Z] [0.0s] [INFO] ======================================================================
[2025-10-11T18:38:05.545Z] [0.0s] [INFO] Query: "blood circulation"
[2025-10-11T18:38:05.545Z] [0.0s] [INFO] Backend: http://localhost:8000
[2025-10-11T18:38:05.545Z] [0.0s] [INFO] 
[2025-10-11T18:38:05.545Z] [0.0s] [REQUEST] Step 1: Sending HTTP POST to /api/query...
[2025-10-11T18:38:05.558Z] [0.0s] [REQUEST] ✅ Session created: 983cd4c7-7ab6-4635-b70b-4c5ed457472b
[2025-10-11T18:38:05.558Z] [0.0s] [INFO] 
[2025-10-11T18:38:05.558Z] [0.0s] [NETWORK] Step 2: Connecting WebSocket...
[2025-10-11T18:38:05.590Z] [0.0s] [NETWORK] ✅ WebSocket connected: f5rAvpR3Q5uDCDMNAAAB
[2025-10-11T18:38:05.590Z] [0.0s] [INFO] 
[2025-10-11T18:38:05.590Z] [0.0s] [NETWORK] Step 3: Joining session 983cd4c7-7ab6-4635-b70b-4c5ed457472b...
[2025-10-11T18:38:05.591Z] [0.0s] [NETWORK] ✅ Joined session: 983cd4c7-7ab6-4635-b70b-4c5ed457472b
[2025-10-11T18:38:05.591Z] [0.0s] [NETWORK] Now listening for results...
[2025-10-11T18:38:05.591Z] [0.0s] [INFO] 
[2025-10-11T18:38:21.599Z] [16.1s] [PROGRESS] Generation: 🚀 Starting generation of 3 steps...
[2025-10-11T18:38:21.600Z] [16.1s] [PROGRESS] Progress: Generating intuition: Imagine you're running, your muscles burning. Wher...
[2025-10-11T18:38:26.603Z] [21.1s] [PROGRESS] Progress: Generating mechanics: At the center of this incredible system is your he...
[2025-10-11T18:38:31.606Z] [26.1s] [PROGRESS] Progress: Generating applications: This vital internal highway directly impacts your ...
[2025-10-11T18:39:32.546Z] [87.0s] [INFO] 
[2025-10-11T18:39:32.546Z] [87.0s] [INFO] ======================================================================
[2025-10-11T18:39:32.546Z] [87.0s] [INFO] 📦 STEP 3 RECEIVED (87.0s)
[2025-10-11T18:39:32.546Z] [87.0s] [INFO] ======================================================================
[2025-10-11T18:39:32.546Z] [87.0s] [INFO] Tag: applications
[2025-10-11T18:39:32.546Z] [87.0s] [INFO] Total Actions: 1
[2025-10-11T18:39:32.546Z] [87.0s] [INFO] 
[2025-10-11T18:39:32.546Z] [87.0s] [INFO] SVG Visuals: 1
[2025-10-11T18:39:32.546Z] [87.0s] [INFO] Animations: 1
[2025-10-11T18:39:32.546Z] [87.0s] [INFO] 
[2025-10-11T18:39:32.547Z] [87.0s] [WARNING] ⚠️  Expected 4 visuals, got 1
[2025-10-11T18:39:32.547Z] [87.0s] [WARNING] ⚠️  Expected 2 animations, got 1
[2025-10-11T18:39:32.547Z] [87.0s] [PROGRESS] Progress: Step 3 ready (1 actions)
[2025-10-11T18:39:32.547Z] [87.0s] [PROGRESS] Generation: ✅ 1/3 steps ready (33%)
[2025-10-11T18:39:33.676Z] [88.1s] [INFO] 
[2025-10-11T18:39:33.676Z] [88.1s] [INFO] ======================================================================
[2025-10-11T18:39:33.676Z] [88.1s] [INFO] 📦 STEP 1 RECEIVED (88.1s)
[2025-10-11T18:39:33.676Z] [88.1s] [INFO] ======================================================================
[2025-10-11T18:39:33.676Z] [88.1s] [INFO] Tag: intuition
[2025-10-11T18:39:33.676Z] [88.1s] [INFO] Total Actions: 1
[2025-10-11T18:39:33.676Z] [88.1s] [INFO] 
[2025-10-11T18:39:33.676Z] [88.1s] [INFO] SVG Visuals: 1
[2025-10-11T18:39:33.676Z] [88.1s] [INFO] Animations: 1
[2025-10-11T18:39:33.676Z] [88.1s] [INFO] 
[2025-10-11T18:39:33.676Z] [88.1s] [WARNING] ⚠️  Expected 4 visuals, got 1
[2025-10-11T18:39:33.676Z] [88.1s] [WARNING] ⚠️  Expected 2 animations, got 1
[2025-10-11T18:39:33.677Z] [88.1s] [PROGRESS] Progress: Step 1 ready (1 actions)
[2025-10-11T18:39:33.677Z] [88.1s] [PROGRESS] Generation: ✅ 2/3 steps ready (67%)
[2025-10-11T18:39:48.241Z] [102.7s] [INFO] 
[2025-10-11T18:39:48.241Z] [102.7s] [INFO] ======================================================================
[2025-10-11T18:39:48.241Z] [102.7s] [INFO] 📦 STEP 2 RECEIVED (102.7s)
[2025-10-11T18:39:48.241Z] [102.7s] [INFO] ======================================================================
[2025-10-11T18:39:48.241Z] [102.7s] [INFO] Tag: mechanics
[2025-10-11T18:39:48.241Z] [102.7s] [INFO] Total Actions: 1
[2025-10-11T18:39:48.241Z] [102.7s] [INFO] 
[2025-10-11T18:39:48.241Z] [102.7s] [INFO] SVG Visuals: 1
[2025-10-11T18:39:48.241Z] [102.7s] [INFO] Animations: 1
[2025-10-11T18:39:48.241Z] [102.7s] [INFO] 
[2025-10-11T18:39:48.241Z] [102.7s] [WARNING] ⚠️  Expected 4 visuals, got 1
[2025-10-11T18:39:48.241Z] [102.7s] [WARNING] ⚠️  Expected 2 animations, got 1
[2025-10-11T18:39:48.241Z] [102.7s] [INFO] 
[2025-10-11T18:39:48.241Z] [102.7s] [INFO] ======================================================================
[2025-10-11T18:39:48.241Z] [102.7s] [INFO] ALL 3 STEPS RECEIVED
[2025-10-11T18:39:48.241Z] [102.7s] [INFO] ======================================================================
[2025-10-11T18:39:48.242Z] [102.7s] [PROGRESS] Progress: Step 2 ready (1 actions)
[2025-10-11T18:39:48.242Z] [102.7s] [PROGRESS] Generation: ✅ 3/3 steps ready (100%)
[2025-10-11T18:39:48.242Z] [102.7s] [PROGRESS] Generation: 🎉 Generation complete! 3/3 steps ready in 86.6s
[2025-10-11T18:39:50.251Z] [104.7s] [INFO] 
[2025-10-11T18:39:50.251Z] [104.7s] [INFO] ======================================================================
[2025-10-11T18:39:50.251Z] [104.7s] [INFO] FINAL REPORT
[2025-10-11T18:39:50.251Z] [104.7s] [INFO] ======================================================================
[2025-10-11T18:39:50.251Z] [104.7s] [INFO] 
[2025-10-11T18:39:50.251Z] [104.7s] [INFO] 📊 TIMING:
[2025-10-11T18:39:50.251Z] [104.7s] [INFO]   Total: 104.7s
[2025-10-11T18:39:50.251Z] [104.7s] [INFO]   Plan: 0s
[2025-10-11T18:39:50.251Z] [104.7s] [INFO]   Step 1: 87s
[2025-10-11T18:39:50.251Z] [104.7s] [INFO]   Step 2: 88.1s
[2025-10-11T18:39:50.251Z] [104.7s] [INFO]   Step 3: 102.7s
[2025-10-11T18:39:50.251Z] [104.7s] [INFO] 
[2025-10-11T18:39:50.251Z] [104.7s] [INFO] 📈 CONTENT:
[2025-10-11T18:39:50.251Z] [104.7s] [INFO]   Steps: 3/3
[2025-10-11T18:39:50.251Z] [104.7s] [INFO]   Visuals: 3
[2025-10-11T18:39:50.251Z] [104.7s] [INFO]   Animations: 3
[2025-10-11T18:39:50.251Z] [104.7s] [INFO] 
[2025-10-11T18:39:50.251Z] [104.7s] [INFO] 📊 SCORE: 70/100
[2025-10-11T18:39:50.251Z] [104.7s] [INFO] 
[2025-10-11T18:39:50.251Z] [104.7s] [INFO] ⚠️  ACCEPTABLE - Has issues
