
> backend@0.1.0 dev
> ts-node-dev --respawn --transpile-only src/index.ts

[INFO] 17:07:05 ts-node-dev ver. 2.0.0 (using ts-node ver. 10.9.2, typescript ver. 5.9.2)
完 Clearing stale job queues on startup...
2025-10-01T12:07:06.737Z [debug] NEW Plan worker created
2025-10-01T12:07:06.738Z [debug] NEW Gen worker created
2025-10-01T12:07:06.739Z [debug] NEW Parallel worker created
Error: listen EADDRINUSE: address already in use :::3001
    at Server.setupListenHandle [as _listen2] (node:net:1908:16)
    at listenInCluster (node:net:1965:12)
    at Server.listen (node:net:2067:7)
    at main (/home/komail/LeaF/app/backend/src/index.ts:272:10)
    at processTicksAndRejections (node:internal/process/task_queues:95:5)
[ERROR] 17:07:06 Error: listen EADDRINUSE: address already in use :::3001
2025-10-01T12:07:06.762Z [debug] Shutting down server...
2025-10-01T12:07:06.763Z [debug] Server shut down.
[INFO] 17:14:46 Restarting: /home/komail/LeaF/app/backend/src/agents/visualAgentV2.ts has been modified
完 Clearing stale job queues on startup...
2025-10-01T12:14:47.373Z [debug] NEW Plan worker created
2025-10-01T12:14:47.374Z [debug] NEW Gen worker created
2025-10-01T12:14:47.375Z [debug] NEW Parallel worker created
Error: listen EADDRINUSE: address already in use :::3001
    at Server.setupListenHandle [as _listen2] (node:net:1908:16)
    at listenInCluster (node:net:1965:12)
    at Server.listen (node:net:2067:7)
    at main (/home/komail/LeaF/app/backend/src/index.ts:272:10)
    at processTicksAndRejections (node:internal/process/task_queues:95:5)
[ERROR] 17:14:47 Error: listen EADDRINUSE: address already in use :::3001
2025-10-01T12:14:47.397Z [debug] Shutting down server...
2025-10-01T12:14:47.398Z [debug] Server shut down.
[INFO] 17:15:04 Restarting: /home/komail/LeaF/app/backend/src/agents/qualityEnforcer.ts has been modified
完 Clearing stale job queues on startup...
2025-10-01T12:15:04.495Z [debug] NEW Plan worker created
2025-10-01T12:15:04.497Z [debug] NEW Gen worker created
2025-10-01T12:15:04.497Z [debug] NEW Parallel worker created
Error: listen EADDRINUSE: address already in use :::3001
    at Server.setupListenHandle [as _listen2] (node:net:1908:16)
    at listenInCluster (node:net:1965:12)
    at Server.listen (node:net:2067:7)
    at main (/home/komail/LeaF/app/backend/src/index.ts:272:10)
    at processTicksAndRejections (node:internal/process/task_queues:95:5)
[ERROR] 17:15:04 Error: listen EADDRINUSE: address already in use :::3001
2025-10-01T12:15:04.523Z [debug] Shutting down server...
2025-10-01T12:15:04.523Z [debug] Server shut down.
[INFO] 17:15:25 Restarting: /home/komail/LeaF/app/backend/src/agents/visualAgentV2.ts has been modified
完 Clearing stale job queues on startup...
2025-10-01T12:15:25.861Z [debug] NEW Plan worker created
2025-10-01T12:15:25.862Z [debug] NEW Gen worker created
2025-10-01T12:15:25.862Z [debug] NEW Parallel worker created
2025-10-01T12:15:25.873Z [debug] Backend listening on http://localhost:3001
[INFO] 17:15:44 Restarting: /home/komail/LeaF/app/backend/src/agents/visualAgentV2.ts has been modified
2025-10-01T12:15:44.669Z [debug] Shutting down server...
2025-10-01T12:15:44.670Z [debug] Server shut down.
完 Clearing stale job queues on startup...
2025-10-01T12:15:44.996Z [debug] NEW Plan worker created
2025-10-01T12:15:44.998Z [debug] NEW Gen worker created
2025-10-01T12:15:44.998Z [debug] NEW Parallel worker created
Error: listen EADDRINUSE: address already in use :::3001
    at Server.setupListenHandle [as _listen2] (node:net:1908:16)
    at listenInCluster (node:net:1965:12)
    at Server.listen (node:net:2067:7)
    at main (/home/komail/LeaF/app/backend/src/index.ts:272:10)
    at processTicksAndRejections (node:internal/process/task_queues:95:5)
[ERROR] 17:15:45 Error: listen EADDRINUSE: address already in use :::3001
2025-10-01T12:15:45.024Z [debug] Shutting down server...
2025-10-01T12:15:45.024Z [debug] Server shut down.
