
> backend@0.1.0 dev
> ts-node-dev --respawn --transpile-only src/index.ts

[INFO] 17:07:39 ts-node-dev ver. 2.0.0 (using ts-node ver. 10.9.2, typescript ver. 5.9.2)
完 Clearing stale job queues on startup...
2025-10-01T12:07:39.927Z [debug] NEW Plan worker created
2025-10-01T12:07:39.928Z [debug] NEW Gen worker created
2025-10-01T12:07:39.928Z [debug] NEW Parallel worker created
2025-10-01T12:07:39.946Z [debug] Backend listening on http://localhost:3001
[INFO] 17:14:46 Restarting: /home/komail/LeaF/app/backend/src/agents/visualAgentV2.ts has been modified
完 Clearing stale job queues on startup...
2025-10-01T12:14:47.305Z [debug] NEW Plan worker created
2025-10-01T12:14:47.306Z [debug] NEW Gen worker created
2025-10-01T12:14:47.307Z [debug] NEW Parallel worker created
Error: listen EADDRINUSE: address already in use :::3001
    at Server.setupListenHandle [as _listen2] (node:net:1908:16)
    at listenInCluster (node:net:1965:12)
    at Server.listen (node:net:2067:7)
    at main (/home/komail/LeaF/app/backend/src/index.ts:272:10)
    at processTicksAndRejections (node:internal/process/task_queues:95:5)
[ERROR] 17:14:47 Error: listen EADDRINUSE: address already in use :::3001
2025-10-01T12:14:47.332Z [debug] Shutting down server...
2025-10-01T12:14:47.333Z [debug] Server shut down.
[INFO] 17:15:04 Restarting: /home/komail/LeaF/app/backend/src/agents/qualityEnforcer.ts has been modified
完 Clearing stale job queues on startup...
2025-10-01T12:15:04.492Z [debug] NEW Plan worker created
2025-10-01T12:15:04.494Z [debug] NEW Gen worker created
2025-10-01T12:15:04.494Z [debug] NEW Parallel worker created
2025-10-01T12:15:04.503Z [debug] Backend listening on http://localhost:3001
[INFO] 17:15:25 Restarting: /home/komail/LeaF/app/backend/src/agents/visualAgentV2.ts has been modified
2025-10-01T12:15:25.590Z [debug] Shutting down server...
2025-10-01T12:15:25.591Z [debug] Server shut down.
完 Clearing stale job queues on startup...
2025-10-01T12:15:25.894Z [debug] NEW Plan worker created
2025-10-01T12:15:25.895Z [debug] NEW Gen worker created
2025-10-01T12:15:25.895Z [debug] NEW Parallel worker created
Error: listen EADDRINUSE: address already in use :::3001
    at Server.setupListenHandle [as _listen2] (node:net:1908:16)
    at listenInCluster (node:net:1965:12)
    at Server.listen (node:net:2067:7)
    at main (/home/komail/LeaF/app/backend/src/index.ts:272:10)
    at processTicksAndRejections (node:internal/process/task_queues:95:5)
[ERROR] 17:15:25 Error: listen EADDRINUSE: address already in use :::3001
2025-10-01T12:15:25.918Z [debug] Shutting down server...
2025-10-01T12:15:25.919Z [debug] Server shut down.
[INFO] 17:15:44 Restarting: /home/komail/LeaF/app/backend/src/agents/visualAgentV2.ts has been modified
完 Clearing stale job queues on startup...
2025-10-01T12:15:44.962Z [debug] NEW Plan worker created
2025-10-01T12:15:44.963Z [debug] NEW Gen worker created
2025-10-01T12:15:44.963Z [debug] NEW Parallel worker created
Error: listen EADDRINUSE: address already in use :::3001
    at Server.setupListenHandle [as _listen2] (node:net:1908:16)
    at listenInCluster (node:net:1965:12)
    at Server.listen (node:net:2067:7)
    at main (/home/komail/LeaF/app/backend/src/index.ts:272:10)
    at processTicksAndRejections (node:internal/process/task_queues:95:5)
[ERROR] 17:15:44 Error: listen EADDRINUSE: address already in use :::3001
2025-10-01T12:15:44.987Z [debug] Shutting down server...
2025-10-01T12:15:44.988Z [debug] Server shut down.
