[2025-10-11T20:05:00.386Z] [0.0s] [INFO] 
[2025-10-11T20:05:00.386Z] [0.0s] [INFO] ======================================================================
[2025-10-11T20:05:00.386Z] [0.0s] [INFO] PRODUCTION SYSTEM TEST - FIXED
[2025-10-11T20:05:00.386Z] [0.0s] [INFO] ======================================================================
[2025-10-11T20:05:00.386Z] [0.0s] [INFO] Query: "DNA replication"
[2025-10-11T20:05:00.386Z] [0.0s] [INFO] Backend: http://localhost:8000
[2025-10-11T20:05:00.386Z] [0.0s] [INFO] 
[2025-10-11T20:05:00.386Z] [0.0s] [REQUEST] Step 1: Sending HTTP POST to /api/query...
[2025-10-11T20:05:00.392Z] [0.0s] [REQUEST] ✅ Session created: 35d9b5d2-b6ca-4d41-8b83-4208eb18423c
[2025-10-11T20:05:00.392Z] [0.0s] [INFO] 
[2025-10-11T20:05:00.392Z] [0.0s] [NETWORK] Step 2: Connecting WebSocket...
[2025-10-11T20:05:00.397Z] [0.0s] [NETWORK] ✅ WebSocket connected: lSJpnsCvryMDLXW3AAAD
[2025-10-11T20:05:00.397Z] [0.0s] [INFO] 
[2025-10-11T20:05:00.397Z] [0.0s] [NETWORK] Step 3: Joining session 35d9b5d2-b6ca-4d41-8b83-4208eb18423c...
[2025-10-11T20:05:00.398Z] [0.0s] [NETWORK] ✅ Joined session: 35d9b5d2-b6ca-4d41-8b83-4208eb18423c
[2025-10-11T20:05:00.398Z] [0.0s] [NETWORK] Now listening for results...
[2025-10-11T20:05:00.398Z] [0.0s] [INFO] 
[2025-10-11T20:05:00.398Z] [0.0s] [INFO] 
[2025-10-11T20:05:00.398Z] [0.0s] [INFO] ======================================================================
[2025-10-11T20:05:00.398Z] [0.0s] [INFO] 📦 STEP 1 RECEIVED (0.0s)
[2025-10-11T20:05:00.398Z] [0.0s] [INFO] ======================================================================
[2025-10-11T20:05:00.398Z] [0.0s] [INFO] Tag: intuition
[2025-10-11T20:05:00.398Z] [0.0s] [INFO] Total Actions: 1
[2025-10-11T20:05:00.398Z] [0.0s] [INFO] 
[2025-10-11T20:05:00.399Z] [0.0s] [INFO] SVG Visuals: 1
[2025-10-11T20:05:00.399Z] [0.0s] [INFO] Animations: 1
[2025-10-11T20:05:00.399Z] [0.0s] [INFO] 
[2025-10-11T20:05:00.399Z] [0.0s] [WARNING] ⚠️  Expected 4 visuals, got 1
[2025-10-11T20:05:00.399Z] [0.0s] [WARNING] ⚠️  Expected 2 animations, got 1
[2025-10-11T20:05:05.397Z] [5.0s] [PROGRESS] Progress: Generating mechanics: Let's get specific! The process begins with an enz...
[2025-10-11T20:05:10.400Z] [10.0s] [PROGRESS] Progress: Generating applications: Understanding DNA replication is profoundly import...
[2025-10-11T20:06:22.520Z] [82.1s] [INFO] 
[2025-10-11T20:06:22.521Z] [82.1s] [INFO] ======================================================================
[2025-10-11T20:06:22.521Z] [82.1s] [INFO] 📦 STEP 2 RECEIVED (82.1s)
[2025-10-11T20:06:22.521Z] [82.1s] [INFO] ======================================================================
[2025-10-11T20:06:22.521Z] [82.1s] [INFO] Tag: mechanics
[2025-10-11T20:06:22.521Z] [82.1s] [INFO] Total Actions: 1
[2025-10-11T20:06:22.521Z] [82.1s] [INFO] 
[2025-10-11T20:06:22.521Z] [82.1s] [INFO] SVG Visuals: 1
[2025-10-11T20:06:22.521Z] [82.1s] [INFO] Animations: 1
[2025-10-11T20:06:22.521Z] [82.1s] [INFO] 
[2025-10-11T20:06:22.521Z] [82.1s] [WARNING] ⚠️  Expected 4 visuals, got 1
[2025-10-11T20:06:22.521Z] [82.1s] [WARNING] ⚠️  Expected 2 animations, got 1
[2025-10-11T20:06:22.521Z] [82.1s] [PROGRESS] Progress: Step 2 ready (1 actions)
[2025-10-11T20:06:22.521Z] [82.1s] [PROGRESS] Generation: ✅ 2/3 steps ready (67%)
[2025-10-11T20:06:26.345Z] [86.0s] [INFO] 
[2025-10-11T20:06:26.345Z] [86.0s] [INFO] ======================================================================
[2025-10-11T20:06:26.345Z] [86.0s] [INFO] 📦 STEP 3 RECEIVED (86.0s)
[2025-10-11T20:06:26.345Z] [86.0s] [INFO] ======================================================================
[2025-10-11T20:06:26.345Z] [86.0s] [INFO] Tag: applications
[2025-10-11T20:06:26.345Z] [86.0s] [INFO] Total Actions: 1
[2025-10-11T20:06:26.345Z] [86.0s] [INFO] 
[2025-10-11T20:06:26.345Z] [86.0s] [INFO] SVG Visuals: 1
[2025-10-11T20:06:26.345Z] [86.0s] [INFO] Animations: 1
[2025-10-11T20:06:26.345Z] [86.0s] [INFO] 
[2025-10-11T20:06:26.345Z] [86.0s] [WARNING] ⚠️  Expected 4 visuals, got 1
[2025-10-11T20:06:26.345Z] [86.0s] [WARNING] ⚠️  Expected 2 animations, got 1
[2025-10-11T20:06:26.345Z] [86.0s] [INFO] 
[2025-10-11T20:06:26.345Z] [86.0s] [INFO] ======================================================================
[2025-10-11T20:06:26.345Z] [86.0s] [INFO] ALL 3 STEPS RECEIVED
[2025-10-11T20:06:26.345Z] [86.0s] [INFO] ======================================================================
[2025-10-11T20:06:26.345Z] [86.0s] [PROGRESS] Progress: Step 3 ready (1 actions)
[2025-10-11T20:06:26.345Z] [86.0s] [PROGRESS] Generation: ✅ 3/3 steps ready (100%)
[2025-10-11T20:06:26.345Z] [86.0s] [PROGRESS] Generation: 🎉 Generation complete! 3/3 steps ready in 86.0s
[2025-10-11T20:06:28.354Z] [88.0s] [INFO] 
[2025-10-11T20:06:28.354Z] [88.0s] [INFO] ======================================================================
[2025-10-11T20:06:28.354Z] [88.0s] [INFO] FINAL REPORT
[2025-10-11T20:06:28.354Z] [88.0s] [INFO] ======================================================================
[2025-10-11T20:06:28.354Z] [88.0s] [INFO] 
[2025-10-11T20:06:28.354Z] [88.0s] [INFO] 📊 TIMING:
[2025-10-11T20:06:28.354Z] [88.0s] [INFO]   Total: 88.0s
[2025-10-11T20:06:28.354Z] [88.0s] [INFO]   Plan: 0s
[2025-10-11T20:06:28.354Z] [88.0s] [INFO]   Step 1: 0s
[2025-10-11T20:06:28.354Z] [88.0s] [INFO]   Step 2: 82.1s
[2025-10-11T20:06:28.354Z] [88.0s] [INFO]   Step 3: 86s
[2025-10-11T20:06:28.354Z] [88.0s] [INFO] 
[2025-10-11T20:06:28.354Z] [88.0s] [INFO] 📈 CONTENT:
[2025-10-11T20:06:28.354Z] [88.0s] [INFO]   Steps: 3/3
[2025-10-11T20:06:28.354Z] [88.0s] [INFO]   Visuals: 3
[2025-10-11T20:06:28.354Z] [88.0s] [INFO]   Animations: 3
[2025-10-11T20:06:28.354Z] [88.0s] [INFO] 
[2025-10-11T20:06:28.354Z] [88.0s] [INFO] 📊 SCORE: 70/100
[2025-10-11T20:06:28.354Z] [88.0s] [INFO] 
[2025-10-11T20:06:28.354Z] [88.0s] [INFO] ⚠️  ACCEPTABLE - Has issues
