==========================================
FINAL PRODUCTION READINESS TEST
Testing 5 diverse topics with proven client
==========================================

====================
Testing: photosynthesis light reactions
====================
[2025-10-12T05:54:07.272Z] [4.0s] [INFO] ALL 3 STEPS RECEIVED
[2025-10-12T05:54:07.272Z] [4.0s] [INFO] ======================================================================
[2025-10-12T05:54:07.272Z] [4.0s] [PROGRESS] Progress: Step 3 ready (1 actions)
[2025-10-12T05:54:07.273Z] [4.0s] [PROGRESS] Generation: ✅ 3/3 steps ready (100%)
[2025-10-12T05:54:07.273Z] [4.0s] [PROGRESS] Generation: 🎉 Generation complete! 3/3 steps ready in 4.0s
[2025-10-12T05:54:09.282Z] [6.0s] [INFO] 
[2025-10-12T05:54:09.282Z] [6.0s] [INFO] ======================================================================
[2025-10-12T05:54:09.282Z] [6.0s] [INFO] FINAL REPORT
[2025-10-12T05:54:09.282Z] [6.0s] [INFO] ======================================================================
[2025-10-12T05:54:09.282Z] [6.0s] [INFO] 
[2025-10-12T05:54:09.282Z] [6.0s] [INFO] 📊 TIMING:
[2025-10-12T05:54:09.282Z] [6.0s] [INFO]   Total: 6.0s
[2025-10-12T05:54:09.282Z] [6.0s] [INFO]   Plan: 0s
[2025-10-12T05:54:09.282Z] [6.0s] [INFO]   Step 1: 0s
[2025-10-12T05:54:09.282Z] [6.0s] [INFO]   Step 2: 2s
[2025-10-12T05:54:09.282Z] [6.0s] [INFO]   Step 3: 4s
[2025-10-12T05:54:09.282Z] [6.0s] [INFO] 
[2025-10-12T05:54:09.282Z] [6.0s] [INFO] 📈 CONTENT:
[2025-10-12T05:54:09.282Z] [6.0s] [INFO]   Steps: 3/3
[2025-10-12T05:54:09.282Z] [6.0s] [INFO]   Visuals: 3
[2025-10-12T05:54:09.282Z] [6.0s] [INFO]   Animations: 3
[2025-10-12T05:54:09.282Z] [6.0s] [INFO] 
[2025-10-12T05:54:09.282Z] [6.0s] [INFO] 📊 SCORE: 70/100
[2025-10-12T05:54:09.282Z] [6.0s] [INFO] 
[2025-10-12T05:54:09.282Z] [6.0s] [INFO] ⚠️  ACCEPTABLE - Has issues
✅ SUCCESS: photosynthesis light reactions ([6.0]s, [6.0s] animations)
(standard_in) 1: syntax error
./final-production-test.sh: line 40: [6.0s]: syntax error: operand expected (error token is "[6.0s]")

==========================================
FINAL RESULTS
==========================================
✅ photosynthesis light reactions: [6.0]s, [6.0s] animations

Success Rate: 1/5 (20%)
(standard_in) 1: syntax error
Average Time: s per lecture
Average Animations: 0 per lecture
==========================================
❌ NOT READY - Success rate below 80%
