2025-10-12T14:12:54.219Z [info] [codegenV3] Generating step 1: Show blood flowing through vessels with animated red cells moving
2025-10-12T14:12:54.219Z [info] [codegenV3] Topic: "Blood Circulation System"
2025-10-12T14:12:54.219Z [error] [codegenV3] GEMINI_API_KEY not set
2025-10-12T14:12:56.231Z [info] [transcript] Generating for step 1 with 4 visuals
2025-10-12T14:12:56.231Z [error] [transcript] GEMINI_API_KEY not set
2025-10-12T14:12:58.242Z [info] [codegenV3WithRetry] 🔄 Attempt 1/3 for step 1
2025-10-12T14:12:58.242Z [info] [codegenV3] Generating step 1: Show a sine wave oscillating with smooth animation
2025-10-12T14:12:58.242Z [info] [codegenV3] Topic: "Wave Motion"
2025-10-12T14:12:58.242Z [error] [codegenV3] GEMINI_API_KEY not set
2025-10-12T14:12:58.242Z [warn] [codegenV3WithRetry] ⚠️ Null result, retrying...
2025-10-12T14:12:58.242Z [info] [codegenV3WithRetry] Waiting 2000ms before retry...
2025-10-12T14:13:00.252Z [info] [codegenV3WithRetry] 🔄 Attempt 2/3 for step 1
2025-10-12T14:13:00.252Z [info] [codegenV3] Generating step 1: Show a sine wave oscillating with smooth animation
2025-10-12T14:13:00.252Z [info] [codegenV3] Topic: "Wave Motion"
2025-10-12T14:13:00.252Z [error] [codegenV3] GEMINI_API_KEY not set
2025-10-12T14:13:00.252Z [warn] [codegenV3WithRetry] ⚠️ Null result, retrying...
2025-10-12T14:13:00.252Z [info] [codegenV3WithRetry] Waiting 4000ms before retry...
2025-10-12T14:13:04.258Z [info] [codegenV3WithRetry] 🔄 Attempt 3/3 for step 1
2025-10-12T14:13:52.722Z [info] [codegenV3] Generating step 1: Show blood flowing through vessels with animated red cells moving
2025-10-12T14:13:52.723Z [info] [codegenV3] Topic: "Blood Circulation System"
2025-10-12T14:13:52.723Z [debug] [codegenV3] Prompt length: 397 chars
2025-10-12T14:15:17.586Z [debug] [codegenV3] Finish reason: STOP
2025-10-12T14:15:17.586Z [debug] [codegenV3] Received 7369 chars from API
2025-10-12T14:15:17.586Z [debug] [codegenV3] SVG tag count: 1 open, 1 close
2025-10-12T14:15:17.586Z [info] [codegenV3] ✅ Generated SVG in 84.86s (7369 chars)
2025-10-12T14:15:17.586Z [info] [codegenV3] 🎬 ANIMATIONS: 48 total (<animate>: 24, <animateMotion>: 24, <animateTransform>: 0)
2025-10-12T14:15:17.586Z [info] [codegenV3] 📊 CONTENT: labels=8, shapes=38
2025-10-12T14:15:17.586Z [info] [codegenV3] ✅ ANIMATIONS PRESENT - Quality check passed
2025-10-12T14:15:17.587Z [info] [codegenV3] Reference saved to: /tmp/debug-step1-WITH-ANIMATIONS.svg
2025-10-12T14:15:19.588Z [info] [transcript] Generating for step 1 with 4 visuals
2025-10-12T14:15:19.588Z [debug] [transcript] Prompt length: 707 chars
2025-10-12T14:15:32.939Z [info] [transcript] ✅ Generated 2006 chars
2025-10-12T14:15:34.940Z [info] [codegenV3WithRetry] 🔄 Attempt 1/3 for step 1
2025-10-12T14:15:34.940Z [info] [codegenV3] Generating step 1: Show a sine wave oscillating with smooth animation
2025-10-12T14:15:34.941Z [info] [codegenV3] Topic: "Wave Motion"
2025-10-12T14:15:34.941Z [debug] [codegenV3] Prompt length: 369 chars
2025-10-12T14:16:07.212Z [info] [codegenV3] Generating step 1: Show a simple circle with animation
2025-10-12T14:16:07.213Z [info] [codegenV3] Topic: "Test Topic"
2025-10-12T14:16:07.213Z [debug] [codegenV3] Prompt length: 353 chars
2025-10-12T14:16:18.971Z [debug] [codegenV3] Finish reason: STOP
2025-10-12T14:16:34.744Z [debug] [codegenV3] Finish reason: STOP
2025-10-12T14:17:51.330Z [info] [codegenV3] Generating step 1: Show a simple circle with animation
2025-10-12T14:17:51.331Z [info] [codegenV3] Topic: "Test Topic"
2025-10-12T14:17:51.331Z [debug] [codegenV3] Prompt length: 353 chars
2025-10-12T14:18:10.398Z [debug] [codegenV3] Finish reason: STOP
