[2025-10-11T20:02:41.884Z] [0.0s] [INFO] 
[2025-10-11T20:02:41.884Z] [0.0s] [INFO] ======================================================================
[2025-10-11T20:02:41.884Z] [0.0s] [INFO] PRODUCTION SYSTEM TEST - FIXED
[2025-10-11T20:02:41.884Z] [0.0s] [INFO] ======================================================================
[2025-10-11T20:02:41.884Z] [0.0s] [INFO] Query: "water cycle"
[2025-10-11T20:02:41.884Z] [0.0s] [INFO] Backend: http://localhost:8000
[2025-10-11T20:02:41.884Z] [0.0s] [INFO] 
[2025-10-11T20:02:41.884Z] [0.0s] [REQUEST] Step 1: Sending HTTP POST to /api/query...
[2025-10-11T20:02:41.895Z] [0.0s] [REQUEST] ✅ Session created: 4ad8387f-ae9a-4e77-8ca6-67d283e73bf8
[2025-10-11T20:02:41.895Z] [0.0s] [INFO] 
[2025-10-11T20:02:41.895Z] [0.0s] [NETWORK] Step 2: Connecting WebSocket...
[2025-10-11T20:02:41.942Z] [0.1s] [NETWORK] ✅ WebSocket connected: 0xonIFyINt7uIxzQAAAB
[2025-10-11T20:02:41.942Z] [0.1s] [INFO] 
[2025-10-11T20:02:41.942Z] [0.1s] [NETWORK] Step 3: Joining session 4ad8387f-ae9a-4e77-8ca6-67d283e73bf8...
[2025-10-11T20:02:41.943Z] [0.1s] [NETWORK] ✅ Joined session: 4ad8387f-ae9a-4e77-8ca6-67d283e73bf8
[2025-10-11T20:02:41.943Z] [0.1s] [NETWORK] Now listening for results...
[2025-10-11T20:02:41.943Z] [0.1s] [INFO] 
[2025-10-11T20:02:46.903Z] [5.0s] [PROGRESS] Progress: Generating mechanics: The water cycle has four main acts:
1.  **Evaporat...
[2025-10-11T20:02:51.906Z] [10.0s] [PROGRESS] Progress: Generating applications: This endless loop is vital! It provides us with fr...
[2025-10-11T20:03:28.527Z] [46.6s] [INFO] 
[2025-10-11T20:03:28.527Z] [46.6s] [INFO] ======================================================================
[2025-10-11T20:03:28.527Z] [46.6s] [INFO] 📦 STEP 3 RECEIVED (46.6s)
[2025-10-11T20:03:28.527Z] [46.6s] [INFO] ======================================================================
[2025-10-11T20:03:28.527Z] [46.6s] [INFO] Tag: applications
[2025-10-11T20:03:28.527Z] [46.6s] [INFO] Total Actions: 1
[2025-10-11T20:03:28.527Z] [46.6s] [INFO] 
[2025-10-11T20:03:28.527Z] [46.6s] [INFO] SVG Visuals: 1
[2025-10-11T20:03:28.527Z] [46.6s] [INFO] Animations: 1
[2025-10-11T20:03:28.527Z] [46.6s] [INFO] 
[2025-10-11T20:03:28.527Z] [46.6s] [WARNING] ⚠️  Expected 4 visuals, got 1
[2025-10-11T20:03:28.527Z] [46.6s] [WARNING] ⚠️  Expected 2 animations, got 1
[2025-10-11T20:03:28.527Z] [46.6s] [PROGRESS] Progress: Step 3 ready (1 actions)
[2025-10-11T20:03:28.527Z] [46.6s] [PROGRESS] Generation: ✅ 1/3 steps ready (33%)
[2025-10-11T20:03:35.251Z] [53.4s] [INFO] 
[2025-10-11T20:03:35.251Z] [53.4s] [INFO] ======================================================================
[2025-10-11T20:03:35.251Z] [53.4s] [INFO] 📦 STEP 2 RECEIVED (53.4s)
[2025-10-11T20:03:35.251Z] [53.4s] [INFO] ======================================================================
[2025-10-11T20:03:35.251Z] [53.4s] [INFO] Tag: mechanics
[2025-10-11T20:03:35.251Z] [53.4s] [INFO] Total Actions: 1
[2025-10-11T20:03:35.251Z] [53.4s] [INFO] 
[2025-10-11T20:03:35.251Z] [53.4s] [INFO] SVG Visuals: 1
[2025-10-11T20:03:35.251Z] [53.4s] [INFO] Animations: 1
[2025-10-11T20:03:35.251Z] [53.4s] [INFO] 
[2025-10-11T20:03:35.251Z] [53.4s] [WARNING] ⚠️  Expected 4 visuals, got 1
[2025-10-11T20:03:35.251Z] [53.4s] [WARNING] ⚠️  Expected 2 animations, got 1
[2025-10-11T20:03:35.251Z] [53.4s] [PROGRESS] Progress: Step 2 ready (1 actions)
[2025-10-11T20:03:35.251Z] [53.4s] [PROGRESS] Generation: ✅ 2/3 steps ready (67%)
[2025-10-11T20:03:50.046Z] [68.2s] [INFO] 
[2025-10-11T20:03:50.046Z] [68.2s] [INFO] ======================================================================
[2025-10-11T20:03:50.046Z] [68.2s] [INFO] 📦 STEP 1 RECEIVED (68.2s)
[2025-10-11T20:03:50.046Z] [68.2s] [INFO] ======================================================================
[2025-10-11T20:03:50.046Z] [68.2s] [INFO] Tag: intuition
[2025-10-11T20:03:50.046Z] [68.2s] [INFO] Total Actions: 1
[2025-10-11T20:03:50.046Z] [68.2s] [INFO] 
[2025-10-11T20:03:50.046Z] [68.2s] [INFO] SVG Visuals: 1
[2025-10-11T20:03:50.046Z] [68.2s] [INFO] Animations: 1
[2025-10-11T20:03:50.046Z] [68.2s] [INFO] 
[2025-10-11T20:03:50.046Z] [68.2s] [WARNING] ⚠️  Expected 4 visuals, got 1
[2025-10-11T20:03:50.046Z] [68.2s] [WARNING] ⚠️  Expected 2 animations, got 1
[2025-10-11T20:03:50.046Z] [68.2s] [INFO] 
[2025-10-11T20:03:50.046Z] [68.2s] [INFO] ======================================================================
[2025-10-11T20:03:50.046Z] [68.2s] [INFO] ALL 3 STEPS RECEIVED
[2025-10-11T20:03:50.046Z] [68.2s] [INFO] ======================================================================
[2025-10-11T20:03:50.047Z] [68.2s] [PROGRESS] Progress: Step 1 ready (1 actions)
[2025-10-11T20:03:50.047Z] [68.2s] [PROGRESS] Generation: ✅ 3/3 steps ready (100%)
[2025-10-11T20:03:50.047Z] [68.2s] [PROGRESS] Generation: 🎉 Generation complete! 3/3 steps ready in 68.1s
[2025-10-11T20:03:52.056Z] [70.2s] [INFO] 
[2025-10-11T20:03:52.056Z] [70.2s] [INFO] ======================================================================
[2025-10-11T20:03:52.056Z] [70.2s] [INFO] FINAL REPORT
[2025-10-11T20:03:52.057Z] [70.2s] [INFO] ======================================================================
[2025-10-11T20:03:52.057Z] [70.2s] [INFO] 
[2025-10-11T20:03:52.057Z] [70.2s] [INFO] 📊 TIMING:
[2025-10-11T20:03:52.057Z] [70.2s] [INFO]   Total: 70.2s
[2025-10-11T20:03:52.057Z] [70.2s] [INFO]   Plan: 0s
[2025-10-11T20:03:52.057Z] [70.2s] [INFO]   Step 1: 46.6s
[2025-10-11T20:03:52.057Z] [70.2s] [INFO]   Step 2: 53.4s
[2025-10-11T20:03:52.057Z] [70.2s] [INFO]   Step 3: 68.2s
[2025-10-11T20:03:52.057Z] [70.2s] [INFO] 
[2025-10-11T20:03:52.057Z] [70.2s] [INFO] 📈 CONTENT:
[2025-10-11T20:03:52.057Z] [70.2s] [INFO]   Steps: 3/3
[2025-10-11T20:03:52.057Z] [70.2s] [INFO]   Visuals: 3
[2025-10-11T20:03:52.057Z] [70.2s] [INFO]   Animations: 3
[2025-10-11T20:03:52.057Z] [70.2s] [INFO] 
[2025-10-11T20:03:52.057Z] [70.2s] [INFO] 📊 SCORE: 70/100
[2025-10-11T20:03:52.057Z] [70.2s] [INFO] 
[2025-10-11T20:03:52.057Z] [70.2s] [INFO] ⚠️  ACCEPTABLE - Has issues
