
> backend@0.1.0 dev
> ts-node-dev --respawn --transpile-only src/index.ts

[INFO] 13:28:24 ts-node-dev ver. 2.0.0 (using ts-node ver. 10.9.2, typescript ver. 5.9.2)
完 Clearing stale job queues on startup...
2025-10-10T08:28:24.596Z [debug] NEW Plan worker created
2025-10-10T08:28:24.597Z [debug] NEW Gen worker created
2025-10-10T08:28:24.597Z [debug] NEW Parallel worker created
2025-10-10T08:28:24.600Z [debug] Backend listening on http://localhost:8000
It is highly recommended to use a minimum Redis version of 6.2.0
             Current: 6.0.16
It is highly recommended to use a minimum Redis version of 6.2.0
             Current: 6.0.16
It is highly recommended to use a minimum Redis version of 6.2.0
             Current: 6.0.16
It is highly recommended to use a minimum Redis version of 6.2.0
             Current: 6.0.16
It is highly recommended to use a minimum Redis version of 6.2.0
             Current: 6.0.16
It is highly recommended to use a minimum Redis version of 6.2.0
             Current: 6.0.16
It is highly recommended to use a minimum Redis version of 6.2.0
             Current: 6.0.16
It is highly recommended to use a minimum Redis version of 6.2.0
             Current: 6.0.16
It is highly recommended to use a minimum Redis version of 6.2.0
             Current: 6.0.16
2025-10-10T08:29:24.613Z [debug] [monitor] Metrics updated:
2025-10-10T08:30:24.629Z [debug] [monitor] Metrics updated:
2025-10-10T08:31:24.643Z [debug] [monitor] Metrics updated:
2025-10-10T08:32:24.656Z [debug] [monitor] Metrics updated:
2025-10-10T08:33:24.668Z [debug] [monitor] Metrics updated:
2025-10-10T08:34:24.679Z [debug] [monitor] Metrics updated:
2025-10-10T08:35:24.684Z [debug] [monitor] Metrics updated:
2025-10-10T08:36:24.692Z [debug] [monitor] Metrics updated:
2025-10-10T08:37:24.698Z [debug] [monitor] Metrics updated:
2025-10-10T08:38:24.704Z [debug] [monitor] Metrics updated:
2025-10-10T08:39:24.707Z [debug] [monitor] Metrics updated:
2025-10-10T08:40:24.709Z [debug] [monitor] Metrics updated:
2025-10-10T08:41:24.710Z [debug] [monitor] Metrics updated:
2025-10-10T08:42:24.713Z [debug] [monitor] Metrics updated:
2025-10-10T08:43:24.714Z [debug] [monitor] Metrics updated:
2025-10-10T08:44:24.716Z [debug] [monitor] Metrics updated:
2025-10-10T08:45:24.735Z [debug] [monitor] Metrics updated:
2025-10-10T08:46:24.753Z [debug] [monitor] Metrics updated:
2025-10-10T08:47:24.771Z [debug] [monitor] Metrics updated:
2025-10-10T08:48:24.786Z [debug] [monitor] Metrics updated:
2025-10-10T08:49:24.800Z [debug] [monitor] Metrics updated:
2025-10-10T08:50:24.813Z [debug] [monitor] Metrics updated:
2025-10-10T08:51:24.821Z [debug] [monitor] Metrics updated:
2025-10-10T08:52:24.831Z [debug] [monitor] Metrics updated:
2025-10-10T08:53:24.840Z [debug] [monitor] Metrics updated:
2025-10-10T08:54:24.847Z [debug] [monitor] Metrics updated:
2025-10-10T08:55:24.852Z [debug] [monitor] Metrics updated:
[INFO] 14:07:07 Restarting: /home/komail/LEAF/Learn-X/app/backend/src/agents/svgMasterGenerator.ts has been modified
完 Clearing stale job queues on startup...
2025-10-10T09:07:07.642Z [debug] NEW Plan worker created
2025-10-10T09:07:07.643Z [debug] NEW Gen worker created
2025-10-10T09:07:07.643Z [debug] NEW Parallel worker created
Error: listen EADDRINUSE: address already in use :::8000
    at Server.setupListenHandle [as _listen2] (node:net:1817:16)
    at listenInCluster (node:net:1865:12)
    at Server.listen (node:net:1953:7)
    at main (/home/komail/LEAF/Learn-X/app/backend/src/index.ts:272:10)
    at processTicksAndRejections (node:internal/process/task_queues:95:5)
[ERROR] 14:07:07 Error: listen EADDRINUSE: address already in use :::8000
2025-10-10T09:07:07.661Z [debug] Shutting down server...
2025-10-10T09:07:07.661Z [debug] Server shut down.
[INFO] 14:07:34 Restarting: /home/komail/LEAF/Learn-X/app/backend/src/agents/svgMasterGenerator.ts has been modified
完 Clearing stale job queues on startup...
2025-10-10T09:07:34.732Z [debug] NEW Plan worker created
2025-10-10T09:07:34.733Z [debug] NEW Gen worker created
2025-10-10T09:07:34.733Z [debug] NEW Parallel worker created
Error: listen EADDRINUSE: address already in use :::8000
    at Server.setupListenHandle [as _listen2] (node:net:1817:16)
    at listenInCluster (node:net:1865:12)
    at Server.listen (node:net:1953:7)
    at main (/home/komail/LEAF/Learn-X/app/backend/src/index.ts:272:10)
    at processTicksAndRejections (node:internal/process/task_queues:95:5)
[ERROR] 14:07:34 Error: listen EADDRINUSE: address already in use :::8000
2025-10-10T09:07:34.748Z [debug] Shutting down server...
2025-10-10T09:07:34.749Z [debug] Server shut down.
[INFO] 14:07:47 Restarting: /home/komail/LEAF/Learn-X/app/backend/src/agents/svgMasterGenerator.ts has been modified
完 Clearing stale job queues on startup...
2025-10-10T09:07:47.486Z [debug] NEW Plan worker created
2025-10-10T09:07:47.487Z [debug] NEW Gen worker created
2025-10-10T09:07:47.487Z [debug] NEW Parallel worker created
Error: listen EADDRINUSE: address already in use :::8000
    at Server.setupListenHandle [as _listen2] (node:net:1817:16)
    at listenInCluster (node:net:1865:12)
    at Server.listen (node:net:1953:7)
    at main (/home/komail/LEAF/Learn-X/app/backend/src/index.ts:272:10)
    at processTicksAndRejections (node:internal/process/task_queues:95:5)
[ERROR] 14:07:47 Error: listen EADDRINUSE: address already in use :::8000
2025-10-10T09:07:47.502Z [debug] Shutting down server...
2025-10-10T09:07:47.503Z [debug] Server shut down.
[INFO] 14:07:59 Restarting: /home/komail/LEAF/Learn-X/app/backend/src/agents/svgMasterGenerator.ts has been modified
完 Clearing stale job queues on startup...
2025-10-10T09:07:59.803Z [debug] NEW Plan worker created
2025-10-10T09:07:59.804Z [debug] NEW Gen worker created
2025-10-10T09:07:59.804Z [debug] NEW Parallel worker created
Error: listen EADDRINUSE: address already in use :::8000
    at Server.setupListenHandle [as _listen2] (node:net:1817:16)
    at listenInCluster (node:net:1865:12)
    at Server.listen (node:net:1953:7)
    at main (/home/komail/LEAF/Learn-X/app/backend/src/index.ts:272:10)
    at processTicksAndRejections (node:internal/process/task_queues:95:5)
[ERROR] 14:07:59 Error: listen EADDRINUSE: address already in use :::8000
2025-10-10T09:07:59.815Z [debug] Shutting down server...
2025-10-10T09:07:59.816Z [debug] Server shut down.
[INFO] 14:08:10 Restarting: /home/komail/LEAF/Learn-X/app/backend/src/agents/svgMasterGenerator.ts has been modified
完 Clearing stale job queues on startup...
2025-10-10T09:08:10.908Z [debug] NEW Plan worker created
2025-10-10T09:08:10.908Z [debug] NEW Gen worker created
2025-10-10T09:08:10.908Z [debug] NEW Parallel worker created
Error: listen EADDRINUSE: address already in use :::8000
    at Server.setupListenHandle [as _listen2] (node:net:1817:16)
    at listenInCluster (node:net:1865:12)
    at Server.listen (node:net:1953:7)
    at main (/home/komail/LEAF/Learn-X/app/backend/src/index.ts:272:10)
    at processTicksAndRejections (node:internal/process/task_queues:95:5)
[ERROR] 14:08:10 Error: listen EADDRINUSE: address already in use :::8000
2025-10-10T09:08:10.920Z [debug] Shutting down server...
2025-10-10T09:08:10.920Z [debug] Server shut down.
[INFO] 14:35:22 Restarting: /home/komail/LEAF/Learn-X/app/backend/src/agents/svgMasterGenerator.ts has been modified
完 Clearing stale job queues on startup...
2025-10-10T09:35:22.554Z [debug] NEW Plan worker created
2025-10-10T09:35:22.555Z [debug] NEW Gen worker created
2025-10-10T09:35:22.555Z [debug] NEW Parallel worker created
Error: listen EADDRINUSE: address already in use :::8000
    at Server.setupListenHandle [as _listen2] (node:net:1817:16)
    at listenInCluster (node:net:1865:12)
    at Server.listen (node:net:1953:7)
    at main (/home/komail/LEAF/Learn-X/app/backend/src/index.ts:272:10)
    at processTicksAndRejections (node:internal/process/task_queues:95:5)
[ERROR] 14:35:22 Error: listen EADDRINUSE: address already in use :::8000
2025-10-10T09:35:22.566Z [debug] Shutting down server...
2025-10-10T09:35:22.566Z [debug] Server shut down.
[INFO] 14:37:50 Restarting: /home/komail/LEAF/Learn-X/app/backend/src/agents/svgMasterGenerator.ts has been modified
完 Clearing stale job queues on startup...
2025-10-10T09:37:50.642Z [debug] NEW Plan worker created
2025-10-10T09:37:50.643Z [debug] NEW Gen worker created
2025-10-10T09:37:50.643Z [debug] NEW Parallel worker created
Error: listen EADDRINUSE: address already in use :::8000
    at Server.setupListenHandle [as _listen2] (node:net:1817:16)
    at listenInCluster (node:net:1865:12)
    at Server.listen (node:net:1953:7)
    at main (/home/komail/LEAF/Learn-X/app/backend/src/index.ts:272:10)
    at processTicksAndRejections (node:internal/process/task_queues:95:5)
[ERROR] 14:37:50 Error: listen EADDRINUSE: address already in use :::8000
2025-10-10T09:37:50.658Z [debug] Shutting down server...
2025-10-10T09:37:50.658Z [debug] Server shut down.
[INFO] 14:38:12 Restarting: /home/komail/LEAF/Learn-X/app/backend/src/agents/svgMasterGenerator.ts has been modified
完 Clearing stale job queues on startup...
2025-10-10T09:38:12.583Z [debug] NEW Plan worker created
2025-10-10T09:38:12.584Z [debug] NEW Gen worker created
2025-10-10T09:38:12.584Z [debug] NEW Parallel worker created
Error: listen EADDRINUSE: address already in use :::8000
    at Server.setupListenHandle [as _listen2] (node:net:1817:16)
    at listenInCluster (node:net:1865:12)
    at Server.listen (node:net:1953:7)
    at main (/home/komail/LEAF/Learn-X/app/backend/src/index.ts:272:10)
    at processTicksAndRejections (node:internal/process/task_queues:95:5)
[ERROR] 14:38:12 Error: listen EADDRINUSE: address already in use :::8000
2025-10-10T09:38:12.595Z [debug] Shutting down server...
2025-10-10T09:38:12.595Z [debug] Server shut down.
[INFO] 14:38:26 Restarting: /home/komail/LEAF/Learn-X/app/backend/src/agents/svgMasterGenerator.ts has been modified
完 Clearing stale job queues on startup...
2025-10-10T09:38:26.990Z [debug] NEW Plan worker created
2025-10-10T09:38:26.991Z [debug] NEW Gen worker created
2025-10-10T09:38:26.991Z [debug] NEW Parallel worker created
2025-10-10T09:38:26.995Z [debug] Backend listening on http://localhost:8000
It is highly recommended to use a minimum Redis version of 6.2.0
             Current: 6.0.16
It is highly recommended to use a minimum Redis version of 6.2.0
             Current: 6.0.16
It is highly recommended to use a minimum Redis version of 6.2.0
             Current: 6.0.16
It is highly recommended to use a minimum Redis version of 6.2.0
             Current: 6.0.16
It is highly recommended to use a minimum Redis version of 6.2.0
             Current: 6.0.16
It is highly recommended to use a minimum Redis version of 6.2.0
             Current: 6.0.16
It is highly recommended to use a minimum Redis version of 6.2.0
             Current: 6.0.16
It is highly recommended to use a minimum Redis version of 6.2.0
             Current: 6.0.16
It is highly recommended to use a minimum Redis version of 6.2.0
             Current: 6.0.16
[INFO] 14:38:52 Restarting: /home/komail/LEAF/Learn-X/app/backend/src/agents/svgMasterGenerator.ts has been modified
2025-10-10T09:38:52.185Z [debug] Shutting down server...
2025-10-10T09:38:52.186Z [debug] Server shut down.
完 Clearing stale job queues on startup...
2025-10-10T09:38:52.369Z [debug] NEW Plan worker created
2025-10-10T09:38:52.370Z [debug] NEW Gen worker created
2025-10-10T09:38:52.370Z [debug] NEW Parallel worker created
2025-10-10T09:38:52.373Z [debug] Backend listening on http://localhost:8000
It is highly recommended to use a minimum Redis version of 6.2.0
             Current: 6.0.16
It is highly recommended to use a minimum Redis version of 6.2.0
             Current: 6.0.16
It is highly recommended to use a minimum Redis version of 6.2.0
             Current: 6.0.16
It is highly recommended to use a minimum Redis version of 6.2.0
             Current: 6.0.16
It is highly recommended to use a minimum Redis version of 6.2.0
             Current: 6.0.16
It is highly recommended to use a minimum Redis version of 6.2.0
             Current: 6.0.16
It is highly recommended to use a minimum Redis version of 6.2.0
             Current: 6.0.16
It is highly recommended to use a minimum Redis version of 6.2.0
             Current: 6.0.16
It is highly recommended to use a minimum Redis version of 6.2.0
             Current: 6.0.16
2025-10-10T09:39:52.385Z [debug] [monitor] Metrics updated:
2025-10-10T09:40:52.403Z [debug] [monitor] Metrics updated:
2025-10-10T09:41:52.417Z [debug] [monitor] Metrics updated:
2025-10-10T09:42:52.431Z [debug] [monitor] Metrics updated:
2025-10-10T09:43:52.443Z [debug] [monitor] Metrics updated:
2025-10-10T09:44:52.454Z [debug] [monitor] Metrics updated:
[INFO] 14:44:57 Restarting: /home/komail/LEAF/Learn-X/app/backend/src/agents/svgMasterGenerator.ts has been modified
2025-10-10T09:44:57.417Z [debug] Shutting down server...
2025-10-10T09:44:57.417Z [debug] Server shut down.
完 Clearing stale job queues on startup...
2025-10-10T09:44:57.657Z [debug] NEW Plan worker created
2025-10-10T09:44:57.658Z [debug] NEW Gen worker created
2025-10-10T09:44:57.658Z [debug] NEW Parallel worker created
Error: listen EADDRINUSE: address already in use :::8000
    at Server.setupListenHandle [as _listen2] (node:net:1817:16)
    at listenInCluster (node:net:1865:12)
    at Server.listen (node:net:1953:7)
    at main (/home/komail/LEAF/Learn-X/app/backend/src/index.ts:272:10)
    at processTicksAndRejections (node:internal/process/task_queues:95:5)
[ERROR] 14:44:57 Error: listen EADDRINUSE: address already in use :::8000
2025-10-10T09:44:57.670Z [debug] Shutting down server...
2025-10-10T09:44:57.670Z [debug] Server shut down.
[INFO] 14:50:59 Restarting: /home/komail/LEAF/Learn-X/app/backend/src/agents/svgMasterGenerator.ts has been modified
完 Clearing stale job queues on startup...
2025-10-10T09:50:59.288Z [debug] NEW Plan worker created
2025-10-10T09:50:59.290Z [debug] NEW Gen worker created
2025-10-10T09:50:59.290Z [debug] NEW Parallel worker created
Error: listen EADDRINUSE: address already in use :::8000
    at Server.setupListenHandle [as _listen2] (node:net:1817:16)
    at listenInCluster (node:net:1865:12)
    at Server.listen (node:net:1953:7)
    at main (/home/komail/LEAF/Learn-X/app/backend/src/index.ts:272:10)
    at processTicksAndRejections (node:internal/process/task_queues:95:5)
[ERROR] 14:50:59 Error: listen EADDRINUSE: address already in use :::8000
2025-10-10T09:50:59.301Z [debug] Shutting down server...
2025-10-10T09:50:59.302Z [debug] Server shut down.
[INFO] 14:51:42 Restarting: /home/komail/LEAF/Learn-X/app/backend/src/agents/svgMasterGenerator.ts has been modified
完 Clearing stale job queues on startup...
2025-10-10T09:51:42.555Z [debug] NEW Plan worker created
2025-10-10T09:51:42.556Z [debug] NEW Gen worker created
2025-10-10T09:51:42.556Z [debug] NEW Parallel worker created
Error: listen EADDRINUSE: address already in use :::8000
    at Server.setupListenHandle [as _listen2] (node:net:1817:16)
    at listenInCluster (node:net:1865:12)
    at Server.listen (node:net:1953:7)
    at main (/home/komail/LEAF/Learn-X/app/backend/src/index.ts:272:10)
    at processTicksAndRejections (node:internal/process/task_queues:95:5)
[ERROR] 14:51:42 Error: listen EADDRINUSE: address already in use :::8000
2025-10-10T09:51:42.574Z [debug] Shutting down server...
2025-10-10T09:51:42.575Z [debug] Server shut down.
[INFO] 14:51:44 Restarting: /home/komail/LEAF/Learn-X/app/backend/src/agents/svgMasterGenerator.ts has been modified
完 Clearing stale job queues on startup...
2025-10-10T09:51:44.348Z [debug] NEW Plan worker created
2025-10-10T09:51:44.349Z [debug] NEW Gen worker created
2025-10-10T09:51:44.349Z [debug] NEW Parallel worker created
Error: listen EADDRINUSE: address already in use :::8000
    at Server.setupListenHandle [as _listen2] (node:net:1817:16)
    at listenInCluster (node:net:1865:12)
    at Server.listen (node:net:1953:7)
    at main (/home/komail/LEAF/Learn-X/app/backend/src/index.ts:272:10)
    at processTicksAndRejections (node:internal/process/task_queues:95:5)
[ERROR] 14:51:44 Error: listen EADDRINUSE: address already in use :::8000
2025-10-10T09:51:44.360Z [debug] Shutting down server...
2025-10-10T09:51:44.360Z [debug] Server shut down.
[INFO] 15:03:47 Restarting: /home/komail/LEAF/Learn-X/app/backend/src/agents/svgMasterGenerator.ts has been modified
完 Clearing stale job queues on startup...
2025-10-10T10:03:47.271Z [debug] NEW Plan worker created
2025-10-10T10:03:47.272Z [debug] NEW Gen worker created
2025-10-10T10:03:47.272Z [debug] NEW Parallel worker created
Error: listen EADDRINUSE: address already in use :::8000
    at Server.setupListenHandle [as _listen2] (node:net:1817:16)
    at listenInCluster (node:net:1865:12)
    at Server.listen (node:net:1953:7)
    at main (/home/komail/LEAF/Learn-X/app/backend/src/index.ts:272:10)
    at processTicksAndRejections (node:internal/process/task_queues:95:5)
[ERROR] 15:03:47 Error: listen EADDRINUSE: address already in use :::8000
2025-10-10T10:03:47.285Z [debug] Shutting down server...
2025-10-10T10:03:47.286Z [debug] Server shut down.
[INFO] 15:04:11 Restarting: /home/komail/LEAF/Learn-X/app/backend/src/agents/codegenV3.ts has been modified
完 Clearing stale job queues on startup...
2025-10-10T10:04:11.762Z [debug] NEW Plan worker created
2025-10-10T10:04:11.763Z [debug] NEW Gen worker created
2025-10-10T10:04:11.763Z [debug] NEW Parallel worker created
Error: listen EADDRINUSE: address already in use :::8000
    at Server.setupListenHandle [as _listen2] (node:net:1817:16)
    at listenInCluster (node:net:1865:12)
    at Server.listen (node:net:1953:7)
    at main (/home/komail/LEAF/Learn-X/app/backend/src/index.ts:272:10)
    at processTicksAndRejections (node:internal/process/task_queues:95:5)
[ERROR] 15:04:11 Error: listen EADDRINUSE: address already in use :::8000
2025-10-10T10:04:11.774Z [debug] Shutting down server...
2025-10-10T10:04:11.775Z [debug] Server shut down.
[INFO] 15:04:22 Restarting: /home/komail/LEAF/Learn-X/app/backend/src/agents/codegenV3.ts has been modified
完 Clearing stale job queues on startup...
2025-10-10T10:04:22.790Z [debug] NEW Plan worker created
2025-10-10T10:04:22.791Z [debug] NEW Gen worker created
2025-10-10T10:04:22.791Z [debug] NEW Parallel worker created
Error: listen EADDRINUSE: address already in use :::8000
    at Server.setupListenHandle [as _listen2] (node:net:1817:16)
    at listenInCluster (node:net:1865:12)
    at Server.listen (node:net:1953:7)
    at main (/home/komail/LEAF/Learn-X/app/backend/src/index.ts:272:10)
    at processTicksAndRejections (node:internal/process/task_queues:95:5)
[ERROR] 15:04:22 Error: listen EADDRINUSE: address already in use :::8000
2025-10-10T10:04:22.802Z [debug] Shutting down server...
2025-10-10T10:04:22.802Z [debug] Server shut down.
[INFO] 15:05:55 Restarting: /home/komail/LEAF/Learn-X/app/backend/src/agents/svgMasterGenerator.ts has been modified
完 Clearing stale job queues on startup...
2025-10-10T10:05:55.628Z [debug] NEW Plan worker created
2025-10-10T10:05:55.628Z [debug] NEW Gen worker created
2025-10-10T10:05:55.629Z [debug] NEW Parallel worker created
2025-10-10T10:05:55.632Z [debug] Backend listening on http://localhost:8000
It is highly recommended to use a minimum Redis version of 6.2.0
             Current: 6.0.16
It is highly recommended to use a minimum Redis version of 6.2.0
             Current: 6.0.16
It is highly recommended to use a minimum Redis version of 6.2.0
             Current: 6.0.16
It is highly recommended to use a minimum Redis version of 6.2.0
             Current: 6.0.16
It is highly recommended to use a minimum Redis version of 6.2.0
             Current: 6.0.16
It is highly recommended to use a minimum Redis version of 6.2.0
             Current: 6.0.16
It is highly recommended to use a minimum Redis version of 6.2.0
             Current: 6.0.16
It is highly recommended to use a minimum Redis version of 6.2.0
             Current: 6.0.16
It is highly recommended to use a minimum Redis version of 6.2.0
             Current: 6.0.16
[INFO] 15:06:51 Restarting: /home/komail/LEAF/Learn-X/app/backend/src/agents/codegenV3.ts has been modified
2025-10-10T10:06:51.997Z [debug] Shutting down server...
2025-10-10T10:06:51.997Z [debug] Server shut down.
完 Clearing stale job queues on startup...
2025-10-10T10:06:52.219Z [debug] NEW Plan worker created
2025-10-10T10:06:52.219Z [debug] NEW Gen worker created
2025-10-10T10:06:52.220Z [debug] NEW Parallel worker created
Error: listen EADDRINUSE: address already in use :::8000
    at Server.setupListenHandle [as _listen2] (node:net:1817:16)
    at listenInCluster (node:net:1865:12)
    at Server.listen (node:net:1953:7)
    at main (/home/komail/LEAF/Learn-X/app/backend/src/index.ts:272:10)
    at processTicksAndRejections (node:internal/process/task_queues:95:5)
[ERROR] 15:06:52 Error: listen EADDRINUSE: address already in use :::8000
2025-10-10T10:06:52.230Z [debug] Shutting down server...
2025-10-10T10:06:52.231Z [debug] Server shut down.
[INFO] 15:09:52 Restarting: /home/komail/LEAF/Learn-X/app/backend/src/agents/codegenV3.ts has been modified
完 Clearing stale job queues on startup...
2025-10-10T10:09:52.722Z [debug] NEW Plan worker created
2025-10-10T10:09:52.723Z [debug] NEW Gen worker created
2025-10-10T10:09:52.723Z [debug] NEW Parallel worker created
Error: listen EADDRINUSE: address already in use :::8000
    at Server.setupListenHandle [as _listen2] (node:net:1817:16)
    at listenInCluster (node:net:1865:12)
    at Server.listen (node:net:1953:7)
    at main (/home/komail/LEAF/Learn-X/app/backend/src/index.ts:272:10)
    at processTicksAndRejections (node:internal/process/task_queues:95:5)
[ERROR] 15:09:52 Error: listen EADDRINUSE: address already in use :::8000
2025-10-10T10:09:52.735Z [debug] Shutting down server...
2025-10-10T10:09:52.735Z [debug] Server shut down.
[INFO] 15:10:54 Restarting: /home/komail/LEAF/Learn-X/app/backend/src/agents/codegenV3.ts has been modified
完 Clearing stale job queues on startup...
2025-10-10T10:10:54.852Z [debug] NEW Plan worker created
2025-10-10T10:10:54.852Z [debug] NEW Gen worker created
2025-10-10T10:10:54.852Z [debug] NEW Parallel worker created
Error: listen EADDRINUSE: address already in use :::8000
    at Server.setupListenHandle [as _listen2] (node:net:1817:16)
    at listenInCluster (node:net:1865:12)
    at Server.listen (node:net:1953:7)
    at main (/home/komail/LEAF/Learn-X/app/backend/src/index.ts:272:10)
    at processTicksAndRejections (node:internal/process/task_queues:95:5)
[ERROR] 15:10:54 Error: listen EADDRINUSE: address already in use :::8000
2025-10-10T10:10:54.864Z [debug] Shutting down server...
2025-10-10T10:10:54.865Z [debug] Server shut down.
